sdk/build/intermediates/manifest_merge_blame_file/debug/processDebugManifest/manifest-merger-blame-debug-report.txt
1<?xml version="1.0" encoding="utf-8"?>
2<manifest xmlns:android="http://schemas.android.com/apk/res/android"
3    package="com.telco.safetysdk" >
4
5    <uses-sdk android:minSdkVersion="26" />
6
7    <uses-permission android:name="android.permission.ACCESS_WIFI_STATE" />
7-->src/main/AndroidManifest.xml:3:5-76
7-->src/main/AndroidManifest.xml:3:22-73
8    <uses-permission android:name="android.permission.ACCESS_NETWORK_STATE" />
8-->src/main/AndroidManifest.xml:4:5-79
8-->src/main/AndroidManifest.xml:4:22-76
9    <uses-permission android:name="android.permission.READ_PHONE_STATE" />
9-->src/main/AndroidManifest.xml:5:5-75
9-->src/main/AndroidManifest.xml:5:22-72
10    <uses-permission android:name="android.permission.ACCESS_FINE_LOCATION" />
10-->src/main/AndroidManifest.xml:6:5-79
10-->src/main/AndroidManifest.xml:6:22-76
11    <uses-permission android:name="android.permission.ACCESS_COARSE_LOCATION" />
11-->src/main/AndroidManifest.xml:7:5-81
11-->src/main/AndroidManifest.xml:7:22-78
12    <uses-permission android:name="android.permission.ACCESS_BACKGROUND_LOCATION" />
12-->src/main/AndroidManifest.xml:8:5-85
12-->src/main/AndroidManifest.xml:8:22-82
13    <uses-permission
13-->src/main/AndroidManifest.xml:9:5-125
14        android:name="android.permission.NEARBY_WIFI_DEVICES"
14-->src/main/AndroidManifest.xml:9:22-75
15        android:usesPermissionFlags="neverForLocation" />
15-->src/main/AndroidManifest.xml:9:76-122
16    <uses-permission android:name="android.permission.FOREGROUND_SERVICE" />
16-->src/main/AndroidManifest.xml:10:5-77
16-->src/main/AndroidManifest.xml:10:22-74
17    <uses-permission android:name="android.permission.FOREGROUND_SERVICE_LOCATION" />
17-->src/main/AndroidManifest.xml:11:5-86
17-->src/main/AndroidManifest.xml:11:22-83
18    <uses-permission android:name="android.permission.POST_NOTIFICATIONS" />
18-->src/main/AndroidManifest.xml:12:5-77
18-->src/main/AndroidManifest.xml:12:22-74
19
20</manifest>